<?xml version="1.0" encoding="UTF-8"?>
<!-- Generated by org.testng.reporters.JUnitXMLReporter -->
<testsuite ignored="0" hostname="MSI" failures="0" tests="2" name="ErrorValidation Tests" time="6.352" errors="0" timestamp="2025-05-24T17:40:41 IST">
  <testcase classname="QAAcedemy.EcommerceDemo.Tests.ErrorValidationTests" name="incorrectEmail" time="0.344"/>
  <testcase classname="QAAcedemy.EcommerceDemo.Tests.ErrorValidationTests" name="invalidLogin" time="1.969"/>
</testsuite> <!-- ErrorValidation Tests -->
