<?xml version="1.0" encoding="UTF-8"?>
<!-- Generated by org.testng.reporters.JUnitXMLReporter -->
<testsuite ignored="1" hostname="MSI" failures="0" tests="2" name="Order Tests" time="16.411" errors="0" timestamp="2025-05-24T21:19:40 IST">
  <testcase classname="QAAcedemy.EcommerceDemo.Tests.OrderTests" name="eCommerceOrder" time="5.458"/>
  <testcase classname="QAAcedemy.EcommerceDemo.Tests.OrderTests" name="eCommerceOrder" time="5.782"/>
  <testcase classname="QAAcedemy.EcommerceDemo.Tests.OrderTests" name="validateOrder" time="0.0">
    <ignored/>
  </testcase> <!-- validateOrder -->
</testsuite> <!-- Order Tests -->
