<?xml version="1.0" encoding="UTF-8"?>
<!-- Generated by org.testng.reporters.JUnitXMLReporter -->
<testsuite ignored="0" hostname="MSI" failures="0" tests="4" name="Test" time="19.982" errors="0" timestamp="2025-03-19T20:29:54 IST">
  <testcase classname="QAAcedemy.EcommerceDemo.Tests.OrderTests" name="eCommerceOrder" time="6.348"/>
  <testcase classname="QAAcedemy.EcommerceDemo.Tests.OrderTests" name="validateOrder" time="1.568"/>
  <testcase classname="QAAcedemy.EcommerceDemo.Tests.ErrorValidationTests" name="incorrectEmail" time="0.303"/>
  <testcase classname="QAAcedemy.EcommerceDemo.Tests.ErrorValidationTests" name="invalidLogin" time="1.928"/>
</testsuite> <!-- Test -->
