<?xml version="1.0" encoding="UTF-8"?>
<testng-results ignored="1" total="3" passed="2" failed="0" skipped="0">
  <reporter-output>
  </reporter-output>
  <suite started-at="2025-05-24T21:19:24 IST" name="Suite" finished-at="2025-05-24T21:19:40 IST" duration-ms="16411">
    <groups>
    </groups>
    <test started-at="2025-05-24T21:19:24 IST" name="Order Tests" finished-at="2025-05-24T21:19:40 IST" duration-ms="16411">
      <class name="QAAcedemy.EcommerceDemo.Tests.OrderTests">
        <test-method is-config="true" signature="launchApplication()[pri:0, instance:QAAcedemy.EcommerceDemo.Tests.OrderTests@61230f6a]" started-at="2025-05-24T21:19:24 IST" name="launchApplication" finished-at="2025-05-24T21:19:27 IST" duration-ms="2392" status="PASS">
          <reporter-output>
          </reporter-output>
        </test-method> <!-- launchApplication -->
        <test-method signature="eCommerceOrder(java.util.HashMap)[pri:0, instance:QAAcedemy.EcommerceDemo.Tests.OrderTests@61230f6a]" started-at="2025-05-24T21:19:27 IST" name="eCommerceOrder" data-provider="getData" finished-at="2025-05-24T21:19:32 IST" duration-ms="5458" status="PASS">
          <params>
            <param index="0">
              <value>
                <![CDATA[{password=Test@123, product=ADIDAS ORIGINAL, email=verma.siddharth25@gmail.com}]]>
              </value>
            </param>
          </params>
          <reporter-output>
          </reporter-output>
        </test-method> <!-- eCommerceOrder -->
        <test-method is-config="true" signature="closeApplication()[pri:0, instance:QAAcedemy.EcommerceDemo.Tests.OrderTests@61230f6a]" started-at="2025-05-24T21:19:32 IST" name="closeApplication" finished-at="2025-05-24T21:19:32 IST" duration-ms="177" status="PASS">
          <reporter-output>
          </reporter-output>
        </test-method> <!-- closeApplication -->
        <test-method is-config="true" signature="launchApplication()[pri:0, instance:QAAcedemy.EcommerceDemo.Tests.OrderTests@61230f6a]" started-at="2025-05-24T21:19:32 IST" name="launchApplication" finished-at="2025-05-24T21:19:34 IST" duration-ms="2192" status="PASS">
          <reporter-output>
          </reporter-output>
        </test-method> <!-- launchApplication -->
        <test-method signature="eCommerceOrder(java.util.HashMap)[pri:0, instance:QAAcedemy.EcommerceDemo.Tests.OrderTests@61230f6a]" started-at="2025-05-24T21:19:34 IST" name="eCommerceOrder" data-provider="getData" finished-at="2025-05-24T21:19:40 IST" duration-ms="5782" status="PASS">
          <params>
            <param index="0">
              <value>
                <![CDATA[{password=Test@1234, product=ZARA COAT 3, email=vermarishi10@gmail.com}]]>
              </value>
            </param>
          </params>
          <reporter-output>
          </reporter-output>
        </test-method> <!-- eCommerceOrder -->
        <test-method is-config="true" signature="closeApplication()[pri:0, instance:QAAcedemy.EcommerceDemo.Tests.OrderTests@61230f6a]" started-at="2025-05-24T21:19:40 IST" name="closeApplication" finished-at="2025-05-24T21:19:40 IST" duration-ms="156" status="PASS">
          <reporter-output>
          </reporter-output>
        </test-method> <!-- closeApplication -->
      </class> <!-- QAAcedemy.EcommerceDemo.Tests.OrderTests -->
    </test> <!-- Order Tests -->
  </suite> <!-- Suite -->
</testng-results>
